[debug] ----------------------------------------------------------------------
[debug] Command:      C:\Program Files\nodejs\node.exe C:\Users\asus\AppData\Roaming\npm\node_modules\firebase-tools\bin\firebase serve
[debug] CLI Version:  3.2.2
[debug] Platform:     win32
[debug] Node Version: v6.9.4
[debug] Time:         Mon Feb 06 2017 20:49:25 GMT+0800 (Malay Peninsula Standard Time)
[debug] ----------------------------------------------------------------------
[debug] 
[info] Starting Firebase development server...
[info] 
[info] Project Directory: C:\Users\asus\documents\friendlychat\web-start
[info] Public Directory: ./
[info] 
[info] Server listening at: http://localhost:5000
[info] Shutting down...
[debug] ----------------------------------------------------------------------
[debug] Command:      C:\Program Files\nodejs\node.exe C:\Users\asus\AppData\Roaming\npm\node_modules\firebase-tools\bin\firebase serve
[debug] CLI Version:  3.2.2
[debug] Platform:     win32
[debug] Node Version: v6.9.4
[debug] Time:         Mon Feb 06 2017 20:53:15 GMT+0800 (Malay Peninsula Standard Time)
[debug] ----------------------------------------------------------------------
[debug] 
[info] Starting Firebase development server...
[info] 
[info] Project Directory: C:\Users\asus\documents\friendlychat\web-start
[info] Public Directory: ./
[info] 
[info] Server listening at: http://localhost:5000
